#
# There is insufficient memory for the Java Runtime Environment to continue.
# Native memory allocation (malloc) failed to allocate 1219856 bytes for Chunk::new
# Possible reasons:
#   The system is out of physical RAM or swap space
#   In 32 bit mode, the process size limit was hit
# Possible solutions:
#   Reduce memory load on the system
#   Increase physical memory or swap space
#   Check if swap backing store is full
#   Use 64 bit Java on a 64 bit OS
#   Decrease Java heap size (-Xmx/-Xms)
#   Decrease number of Java threads
#   Decrease Java thread stack sizes (-Xss)
#   Set larger code cache with -XX:ReservedCodeCacheSize=
# This output file may be truncated or incomplete.
#
#  Out of Memory Error (allocation.cpp:390), pid=26228, tid=0x0000000000004b30
#
# JRE version: Java(TM) SE Runtime Environment (8.0_131-b11) (build 1.8.0_131-b11)
# Java VM: Java HotSpot(TM) 64-Bit Server VM (25.131-b11 mixed mode windows-amd64 compressed oops)
# Failed to write core dump. Minidumps are not enabled by default on client versions of Windows
#

---------------  T H R E A D  ---------------

Current thread (0x000000001a267800):  JavaThread "C2 CompilerThread0" daemon [_thread_in_native, id=19248, stack(0x000000001aa70000,0x000000001ab70000)]

Stack: [0x000000001aa70000,0x000000001ab70000]
[error occurred during error reporting (printing stack bounds), id 0xc0000005]

Native frames: (J=compiled Java code, j=interpreted, Vv=VM code, C=native code)


Current CompileTask:
C2:  21517 3770   !   4       javafx.scene.CssStyleHelper::transitionToState (1075 bytes)


---------------  P R O C E S S  ---------------

Java Threads: ( => current thread )
  0x0000000021204800 JavaThread "Prism Font Disposer" daemon [_thread_blocked, id=24512, stack(0x0000000024100000,0x0000000024200000)]
  0x000000001b2b8000 JavaThread "mysql-cj-abandoned-connection-cleanup" daemon [_thread_blocked, id=10784, stack(0x0000000020d00000,0x0000000020e00000)]
  0x000000001b1b1000 JavaThread "Thread-3" daemon [_thread_in_native, id=21064, stack(0x0000000020700000,0x0000000020800000)]
  0x000000001b19e000 JavaThread "JavaFX-Launcher" [_thread_blocked, id=23860, stack(0x0000000020800000,0x0000000020900000)]
  0x000000001b151800 JavaThread "JavaFX Application Thread" [_thread_in_native, id=16136, stack(0x000000001bc30000,0x000000001bd30000)]
  0x000000001b0fa800 JavaThread "Thread-1" daemon [_thread_blocked, id=19912, stack(0x000000001bb30000,0x000000001bc30000)]
  0x000000001b0d0000 JavaThread "QuantumRenderer-0" daemon [_thread_in_native, id=23284, stack(0x000000001b870000,0x000000001b970000)]
  0x000000001a343800 JavaThread "Service Thread" daemon [_thread_blocked, id=27280, stack(0x000000001ae70000,0x000000001af70000)]
  0x000000001a286000 JavaThread "C1 CompilerThread3" daemon [_thread_in_native, id=26884, stack(0x000000001ad70000,0x000000001ae70000)]
  0x000000001a274000 JavaThread "C2 CompilerThread2" daemon [_thread_in_native, id=3192, stack(0x000000001ac70000,0x000000001ad70000)]
  0x000000001a269000 JavaThread "C2 CompilerThread1" daemon [_thread_in_native, id=16068, stack(0x000000001ab70000,0x000000001ac70000)]
=>0x000000001a267800 JavaThread "C2 CompilerThread0" daemon [_thread_in_native, id=19248, stack(0x000000001aa70000,0x000000001ab70000)]
  0x000000001a211800 JavaThread "Monitor Ctrl-Break" daemon [_thread_in_native, id=23884, stack(0x000000001a970000,0x000000001aa70000)]
  0x000000001a182000 JavaThread "Attach Listener" daemon [_thread_blocked, id=23184, stack(0x000000001a870000,0x000000001a970000)]
  0x000000001a181000 JavaThread "Signal Dispatcher" daemon [_thread_blocked, id=752, stack(0x000000001a770000,0x000000001a870000)]
  0x000000001a170800 JavaThread "Finalizer" daemon [_thread_blocked, id=17372, stack(0x000000001a550000,0x000000001a650000)]
  0x00000000032ca000 JavaThread "Reference Handler" daemon [_thread_blocked, id=26836, stack(0x000000001a050000,0x000000001a150000)]
  0x00000000031d3800 JavaThread "main" [_thread_blocked, id=18208, stack(0x0000000002fd0000,0x00000000030d0000)]

Other Threads:
  0x0000000018259800 VMThread [stack: 0x0000000019f50000,0x000000001a050000] [id=21948]
  0x000000001a349000 WatcherThread [stack: 0x000000001af70000,0x000000001b070000] [id=20424]

VM state:not at safepoint (normal execution)

VM Mutex/Monitor currently owned by a thread: None

Heap:
 PSYoungGen      total 38400K, used 13166K [0x00000000d5e00000, 0x00000000d8880000, 0x0000000100000000)
  eden space 33280K, 25% used [0x00000000d5e00000,0x00000000d6666960,0x00000000d7e80000)
  from space 5120K, 89% used [0x00000000d7e80000,0x00000000d82f5250,0x00000000d8380000)
  to   space 5120K, 0% used [0x00000000d8380000,0x00000000d8380000,0x00000000d8880000)
 ParOldGen       total 54272K, used 10810K [0x0000000081a00000, 0x0000000084f00000, 0x00000000d5e00000)
  object space 54272K, 19% used [0x0000000081a00000,0x000000008248e890,0x0000000084f00000)
 Metaspace       used 25307K, capacity 26844K, committed 26880K, reserved 1073152K
  class space    used 3543K, capacity 3829K, committed 3840K, reserved 1048576K

Card table byte_map: [0x0000000012690000,0x0000000012a90000] byte_map_base: 0x0000000012283000

Marking Bits: (ParMarkBitMap*) 0x000000005772c720
 Begin Bits: [0x0000000013540000, 0x00000000154d8000)
 End Bits:   [0x00000000154d8000, 0x0000000017470000)

Polling page: 0x0000000001170000

CodeCache: size=245760Kb used=13127Kb max_used=13127Kb free=232633Kb
 bounds [0x00000000032d0000, 0x0000000003fb0000, 0x00000000122d0000]
 total_blobs=4682 nmethods=3936 adapters=657
 compilation: enabled

Compilation events (10 events):
Event: 21.466 Thread 0x000000001a286000 3976       3       javafx.scene.shape.Shape$StyleableProperties$7::isSettable (9 bytes)
Event: 21.466 Thread 0x000000001a286000 nmethod 3976 0x0000000003f9ae10 code [0x0000000003f9afa0, 0x0000000003f9b5c8]
Event: 21.486 Thread 0x000000001a286000 3977       3       com.sun.javafx.sg.prism.NGNode::getClippedBounds (78 bytes)
Event: 21.486 Thread 0x000000001a286000 nmethod 3977 0x0000000003f9ea10 code [0x0000000003f9ec40, 0x0000000003f9f8a8]
Event: 21.486 Thread 0x000000001a286000 3978       3       com.sun.javafx.sg.prism.NGNode::clearDirtyTree (84 bytes)
Event: 21.487 Thread 0x000000001a286000 nmethod 3978 0x0000000003f9da50 code [0x0000000003f9dc40, 0x0000000003f9e7a8]
Event: 21.489 Thread 0x000000001a286000 3979       3       com.sun.javafx.geom.RectBounds::setMinX (6 bytes)
Event: 21.489 Thread 0x000000001a286000 nmethod 3979 0x0000000003f9d710 code [0x0000000003f9d860, 0x0000000003f9d9b0]
Event: 21.489 Thread 0x000000001a286000 3980       3       com.sun.javafx.geom.RectBounds::setMaxX (6 bytes)
Event: 21.489 Thread 0x000000001a286000 nmethod 3980 0x0000000003f9d3d0 code [0x0000000003f9d520, 0x0000000003f9d670]

GC Heap History (8 events):
Event: 0.874 GC heap before
{Heap before GC invocations=1 (full 0):
 PSYoungGen      total 38400K, used 33280K [0x00000000d5e00000, 0x00000000d8880000, 0x0000000100000000)
  eden space 33280K, 100% used [0x00000000d5e00000,0x00000000d7e80000,0x00000000d7e80000)
  from space 5120K, 0% used [0x00000000d8380000,0x00000000d8380000,0x00000000d8880000)
  to   space 5120K, 0% used [0x00000000d7e80000,0x00000000d7e80000,0x00000000d8380000)
 ParOldGen       total 87552K, used 0K [0x0000000081a00000, 0x0000000086f80000, 0x00000000d5e00000)
  object space 87552K, 0% used [0x0000000081a00000,0x0000000081a00000,0x0000000086f80000)
 Metaspace       used 13284K, capacity 13782K, committed 13824K, reserved 1060864K
  class space    used 1642K, capacity 1784K, committed 1792K, reserved 1048576K
Event: 0.880 GC heap after
Heap after GC invocations=1 (full 0):
 PSYoungGen      total 38400K, used 5007K [0x00000000d5e00000, 0x00000000d8880000, 0x0000000100000000)
  eden space 33280K, 0% used [0x00000000d5e00000,0x00000000d5e00000,0x00000000d7e80000)
  from space 5120K, 97% used [0x00000000d7e80000,0x00000000d8363cf0,0x00000000d8380000)
  to   space 5120K, 0% used [0x00000000d8380000,0x00000000d8380000,0x00000000d8880000)
 ParOldGen       total 87552K, used 80K [0x0000000081a00000, 0x0000000086f80000, 0x00000000d5e00000)
  object space 87552K, 0% used [0x0000000081a00000,0x0000000081a14010,0x0000000086f80000)
 Metaspace       used 13284K, capacity 13782K, committed 13824K, reserved 1060864K
  class space    used 1642K, capacity 1784K, committed 1792K, reserved 1048576K
}
Event: 6.175 GC heap before
{Heap before GC invocations=2 (full 0):
 PSYoungGen      total 38400K, used 36909K [0x00000000d5e00000, 0x00000000d8880000, 0x0000000100000000)
  eden space 33280K, 95% used [0x00000000d5e00000,0x00000000d7d27798,0x00000000d7e80000)
  from space 5120K, 97% used [0x00000000d7e80000,0x00000000d8363cf0,0x00000000d8380000)
  to   space 5120K, 0% used [0x00000000d8380000,0x00000000d8380000,0x00000000d8880000)
 ParOldGen       total 87552K, used 80K [0x0000000081a00000, 0x0000000086f80000, 0x00000000d5e00000)
  object space 87552K, 0% used [0x0000000081a00000,0x0000000081a14010,0x0000000086f80000)
 Metaspace       used 20375K, capacity 21194K, committed 21296K, reserved 1067008K
  class space    used 2657K, capacity 2894K, committed 2944K, reserved 1048576K
Event: 6.183 GC heap after
Heap after GC invocations=2 (full 0):
 PSYoungGen      total 38400K, used 5088K [0x00000000d5e00000, 0x00000000d8880000, 0x0000000100000000)
  eden space 33280K, 0% used [0x00000000d5e00000,0x00000000d5e00000,0x00000000d7e80000)
  from space 5120K, 99% used [0x00000000d8380000,0x00000000d88780f0,0x00000000d8880000)
  to   space 5120K, 0% used [0x00000000d7e80000,0x00000000d7e80000,0x00000000d8380000)
 ParOldGen       total 87552K, used 7933K [0x0000000081a00000, 0x0000000086f80000, 0x00000000d5e00000)
  object space 87552K, 9% used [0x0000000081a00000,0x00000000821bf490,0x0000000086f80000)
 Metaspace       used 20375K, capacity 21194K, committed 21296K, reserved 1067008K
  class space    used 2657K, capacity 2894K, committed 2944K, reserved 1048576K
}
Event: 6.183 GC heap before
{Heap before GC invocations=3 (full 1):
 PSYoungGen      total 38400K, used 5088K [0x00000000d5e00000, 0x00000000d8880000, 0x0000000100000000)
  eden space 33280K, 0% used [0x00000000d5e00000,0x00000000d5e00000,0x00000000d7e80000)
  from space 5120K, 99% used [0x00000000d8380000,0x00000000d88780f0,0x00000000d8880000)
  to   space 5120K, 0% used [0x00000000d7e80000,0x00000000d7e80000,0x00000000d8380000)
 ParOldGen       total 87552K, used 7933K [0x0000000081a00000, 0x0000000086f80000, 0x00000000d5e00000)
  object space 87552K, 9% used [0x0000000081a00000,0x00000000821bf490,0x0000000086f80000)
 Metaspace       used 20375K, capacity 21194K, committed 21296K, reserved 1067008K
  class space    used 2657K, capacity 2894K, committed 2944K, reserved 1048576K
Event: 6.214 GC heap after
Heap after GC invocations=3 (full 1):
 PSYoungGen      total 38400K, used 0K [0x00000000d5e00000, 0x00000000d8880000, 0x0000000100000000)
  eden space 33280K, 0% used [0x00000000d5e00000,0x00000000d5e00000,0x00000000d7e80000)
  from space 5120K, 0% used [0x00000000d8380000,0x00000000d8380000,0x00000000d8880000)
  to   space 5120K, 0% used [0x00000000d7e80000,0x00000000d7e80000,0x00000000d8380000)
 ParOldGen       total 54272K, used 10802K [0x0000000081a00000, 0x0000000084f00000, 0x00000000d5e00000)
  object space 54272K, 19% used [0x0000000081a00000,0x000000008248c890,0x0000000084f00000)
 Metaspace       used 20375K, capacity 21194K, committed 21296K, reserved 1067008K
  class space    used 2657K, capacity 2894K, committed 2944K, reserved 1048576K
}
Event: 21.255 GC heap before
{Heap before GC invocations=4 (full 1):
 PSYoungGen      total 38400K, used 33280K [0x00000000d5e00000, 0x00000000d8880000, 0x0000000100000000)
  eden space 33280K, 100% used [0x00000000d5e00000,0x00000000d7e80000,0x00000000d7e80000)
  from space 5120K, 0% used [0x00000000d8380000,0x00000000d8380000,0x00000000d8880000)
  to   space 5120K, 0% used [0x00000000d7e80000,0x00000000d7e80000,0x00000000d8380000)
 ParOldGen       total 54272K, used 10802K [0x0000000081a00000, 0x0000000084f00000, 0x00000000d5e00000)
  object space 54272K, 19% used [0x0000000081a00000,0x000000008248c890,0x0000000084f00000)
 Metaspace       used 24892K, capacity 26366K, committed 26624K, reserved 1073152K
  class space    used 3482K, capacity 3776K, committed 3840K, reserved 1048576K
Event: 21.260 GC heap after
Heap after GC invocations=4 (full 1):
 PSYoungGen      total 38400K, used 4564K [0x00000000d5e00000, 0x00000000d8880000, 0x0000000100000000)
  eden space 33280K, 0% used [0x00000000d5e00000,0x00000000d5e00000,0x00000000d7e80000)
  from space 5120K, 89% used [0x00000000d7e80000,0x00000000d82f5250,0x00000000d8380000)
  to   space 5120K, 0% used [0x00000000d8380000,0x00000000d8380000,0x00000000d8880000)
 ParOldGen       total 54272K, used 10810K [0x0000000081a00000, 0x0000000084f00000, 0x00000000d5e00000)
  object space 54272K, 19% used [0x0000000081a00000,0x000000008248e890,0x0000000084f00000)
 Metaspace       used 24892K, capacity 26366K, committed 26624K, reserved 1073152K
  class space    used 3482K, capacity 3776K, committed 3840K, reserved 1048576K
}

Deoptimization events (10 events):
Event: 21.219 Thread 0x000000001b151800 Uncommon trap: reason=class_check action=maybe_recompile pc=0x0000000003e6ed14 method=javafx.scene.CssStyleHelper.createStyleHelper(Ljavafx/scene/Node;)Ljavafx/scene/CssStyleHelper; @ 151
Event: 21.219 Thread 0x000000001b151800 Uncommon trap: reason=class_check action=maybe_recompile pc=0x0000000003e6ed14 method=javafx.scene.CssStyleHelper.createStyleHelper(Ljavafx/scene/Node;)Ljavafx/scene/CssStyleHelper; @ 151
Event: 21.219 Thread 0x000000001b151800 Uncommon trap: reason=class_check action=maybe_recompile pc=0x0000000003e6ed14 method=javafx.scene.CssStyleHelper.createStyleHelper(Ljavafx/scene/Node;)Ljavafx/scene/CssStyleHelper; @ 151
Event: 21.235 Thread 0x000000001b151800 Uncommon trap: reason=null_check action=make_not_entrant pc=0x0000000003b08408 method=com.sun.javafx.css.parser.CSSLexer.getToken()Lcom/sun/javafx/css/parser/Token; @ 25
Event: 21.244 Thread 0x000000001b151800 Uncommon trap: reason=unstable_if action=reinterpret pc=0x00000000037f9910 method=javafx.scene.CssStyleHelper.getStyle(Ljavafx/css/Styleable;Ljava/lang/String;Lcom/sun/javafx/css/StyleMap;Ljava/util/Set;)Lcom/sun/javafx/css/CascadingStyle; @ 8
Event: 21.342 Thread 0x000000001b151800 Uncommon trap: reason=null_check action=make_not_entrant pc=0x0000000003df9cf8 method=javafx.scene.Node$MiscProperties.getEffect()Ljavafx/scene/effect/Effect; @ 20
Event: 21.343 Thread 0x000000001b151800 Uncommon trap: reason=null_check action=make_not_entrant pc=0x0000000003def808 method=javafx.scene.Node$MiscProperties.getEffect()Ljavafx/scene/effect/Effect; @ 20
Event: 21.423 Thread 0x000000001b151800 Uncommon trap: reason=unstable_if action=reinterpret pc=0x00000000037998d4 method=com.sun.javafx.css.BitSet.add(Ljava/lang/Object;)Z @ 91
Event: 21.436 Thread 0x000000001b151800 Uncommon trap: reason=unstable_if action=reinterpret pc=0x000000000393c00c method=java.lang.Math.round(F)I @ 36
Event: 21.449 Thread 0x000000001b151800 Uncommon trap: reason=unstable_if action=reinterpret pc=0x0000000003d1b448 method=javafx.scene.Node.impl_pickNode(Lcom/sun/javafx/geom/PickRay;Lcom/sun/javafx/scene/input/PickResultChooser;)V @ 11

Internal exceptions (10 events):
Event: 1.229 Thread 0x000000001b151800 Implicit null exception at 0x00000000036526db to 0x0000000003652e5d
Event: 1.274 Thread 0x000000001b151800 Exception <a 'java/io/FileNotFoundException'> (0x00000000d69a3398) thrown at [C:\re\workspace\8-2-build-windows-amd64-cygwin\jdk8u131\8869\hotspot\src\share\vm\prims\jni.cpp, line 709]
Event: 1.881 Thread 0x000000001b0d0000 Exception <a 'java/lang/ArrayIndexOutOfBoundsException': -1> (0x00000000d765df10) thrown at [C:\re\workspace\8-2-build-windows-amd64-cygwin\jdk8u131\8869\hotspot\src\share\vm\interpreter\interpreterRuntime.cpp, line 366]
Event: 1.881 Thread 0x000000001b0d0000 Exception <a 'java/lang/ArrayIndexOutOfBoundsException'> (0x00000000d765e148) thrown at [C:\re\workspace\8-2-build-windows-amd64-cygwin\jdk8u131\8869\hotspot\src\share\vm\runtime\sharedRuntime.cpp, line 605]
Event: 1.881 Thread 0x000000001b0d0000 Exception <a 'java/lang/ArrayIndexOutOfBoundsException'> (0x00000000d765e568) thrown at [C:\re\workspace\8-2-build-windows-amd64-cygwin\jdk8u131\8869\hotspot\src\share\vm\runtime\sharedRuntime.cpp, line 605]
Event: 6.310 Thread 0x000000001b151800 Exception <a 'java/io/FileNotFoundException'> (0x00000000d5fb0608) thrown at [C:\re\workspace\8-2-build-windows-amd64-cygwin\jdk8u131\8869\hotspot\src\share\vm\prims\jni.cpp, line 709]
Event: 6.359 Thread 0x000000001b151800 Implicit null exception at 0x00000000036f5312 to 0x00000000036f591d
Event: 21.235 Thread 0x000000001b151800 Implicit null exception at 0x0000000003b072ae to 0x0000000003b083ec
Event: 21.342 Thread 0x000000001b151800 Implicit null exception at 0x0000000003df92ac to 0x0000000003df9ce5
Event: 21.343 Thread 0x000000001b151800 Implicit null exception at 0x0000000003def7c4 to 0x0000000003def7fe

Events (10 events):
Event: 21.436 Thread 0x000000001b151800 Uncommon trap: trap_request=0xffffff65 fr.pc=0x000000000393c00c
Event: 21.436 Thread 0x000000001b151800 DEOPT PACKING pc=0x000000000393c00c sp=0x000000001bd2c650
Event: 21.436 Thread 0x000000001b151800 DEOPT UNPACKING pc=0x000000000331582a sp=0x000000001bd2c5d8 mode 2
Event: 21.449 Thread 0x000000001b151800 Uncommon trap: trap_request=0xffffff65 fr.pc=0x0000000003d1b448
Event: 21.449 Thread 0x000000001b151800 DEOPT PACKING pc=0x0000000003d1b448 sp=0x000000001bd2cfa0
Event: 21.449 Thread 0x000000001b151800 DEOPT UNPACKING pc=0x000000000331582a sp=0x000000001bd2cea0 mode 2
Event: 21.487 loading class com/sun/javafx/tk/quantum/GlassScene
Event: 21.487 loading class com/sun/javafx/tk/quantum/GlassScene done
Event: 21.487 Executing VM operation: RevokeBias
Event: 21.488 Executing VM operation: RevokeBias done


Dynamic libraries:
0x00007ff695cd0000 - 0x00007ff695d07000 	C:\Program Files\Java\jdk1.8.0_131\bin\java.exe
0x00007ffda9320000 - 0x00007ffda9501000 	C:\WINDOWS\SYSTEM32\ntdll.dll
0x00007ffda84a0000 - 0x00007ffda8552000 	C:\WINDOWS\System32\KERNEL32.DLL
0x00007ffda5830000 - 0x00007ffda5aa3000 	C:\WINDOWS\System32\KERNELBASE.dll
0x00007ffda83e0000 - 0x00007ffda8481000 	C:\WINDOWS\System32\ADVAPI32.dll
0x00007ffda8eb0000 - 0x00007ffda8f4e000 	C:\WINDOWS\System32\msvcrt.dll
0x00007ffda8560000 - 0x00007ffda85bb000 	C:\WINDOWS\System32\sechost.dll
0x00007ffda80c0000 - 0x00007ffda81e4000 	C:\WINDOWS\System32\RPCRT4.dll
0x00007ffda81f0000 - 0x00007ffda8380000 	C:\WINDOWS\System32\USER32.dll
0x00007ffda5770000 - 0x00007ffda5790000 	C:\WINDOWS\System32\win32u.dll
0x00007ffda8e80000 - 0x00007ffda8ea8000 	C:\WINDOWS\System32\GDI32.dll
0x00007ffda5ab0000 - 0x00007ffda5c42000 	C:\WINDOWS\System32\gdi32full.dll
0x00007ffda5790000 - 0x00007ffda582f000 	C:\WINDOWS\System32\msvcp_win.dll
0x00007ffda6600000 - 0x00007ffda66fa000 	C:\WINDOWS\System32\ucrtbase.dll
0x00007ffd9b1e0000 - 0x00007ffd9b449000 	C:\WINDOWS\WinSxS\amd64_microsoft.windows.common-controls_6595b64144ccf1df_6.0.17134.165_none_fb429645306569ac\COMCTL32.dll
0x00007ffda8b50000 - 0x00007ffda8e73000 	C:\WINDOWS\System32\combase.dll
0x00007ffda56f0000 - 0x00007ffda576a000 	C:\WINDOWS\System32\bcryptPrimitives.dll
0x00007ffda8a80000 - 0x00007ffda8aad000 	C:\WINDOWS\System32\IMM32.DLL
0x0000000058340000 - 0x0000000058412000 	C:\Program Files\Java\jdk1.8.0_131\jre\bin\msvcr100.dll
0x0000000056f10000 - 0x00000000577ac000 	C:\Program Files\Java\jdk1.8.0_131\jre\bin\server\jvm.dll
0x00007ffda6850000 - 0x00007ffda6858000 	C:\WINDOWS\System32\PSAPI.DLL
0x00007ffd9e710000 - 0x00007ffd9e71a000 	C:\WINDOWS\SYSTEM32\VERSION.dll
0x00007ffd93aa0000 - 0x00007ffd93aa9000 	C:\WINDOWS\SYSTEM32\WSOCK32.dll
0x00007ffda38a0000 - 0x00007ffda38c3000 	C:\WINDOWS\SYSTEM32\WINMM.dll
0x00007ffda85c0000 - 0x00007ffda862c000 	C:\WINDOWS\System32\WS2_32.dll
0x00007ffda3870000 - 0x00007ffda389a000 	C:\WINDOWS\SYSTEM32\WINMMBASE.dll
0x00007ffda65b0000 - 0x00007ffda65f9000 	C:\WINDOWS\System32\cfgmgr32.dll
0x0000000058330000 - 0x000000005833f000 	C:\Program Files\Java\jdk1.8.0_131\jre\bin\verify.dll
0x0000000058300000 - 0x0000000058329000 	C:\Program Files\Java\jdk1.8.0_131\jre\bin\java.dll
0x0000000058260000 - 0x0000000058283000 	C:\Program Files\Java\jdk1.8.0_131\jre\bin\instrument.dll
0x00000000582e0000 - 0x00000000582f6000 	C:\Program Files\Java\jdk1.8.0_131\jre\bin\zip.dll
0x00007ffda6a20000 - 0x00007ffda7e60000 	C:\WINDOWS\System32\SHELL32.dll
0x00007ffda90a0000 - 0x00007ffda9149000 	C:\WINDOWS\System32\shcore.dll
0x00007ffda5c50000 - 0x00007ffda635d000 	C:\WINDOWS\System32\windows.storage.dll
0x00007ffda6860000 - 0x00007ffda68b1000 	C:\WINDOWS\System32\shlwapi.dll
0x00007ffda5690000 - 0x00007ffda56a1000 	C:\WINDOWS\System32\kernel.appcore.dll
0x00007ffda56b0000 - 0x00007ffda56cf000 	C:\WINDOWS\System32\profapi.dll
0x00007ffda5640000 - 0x00007ffda568c000 	C:\WINDOWS\System32\powrprof.dll
0x00007ffda5630000 - 0x00007ffda563a000 	C:\WINDOWS\System32\FLTLIB.DLL
0x00007ffd8f580000 - 0x00007ffd8f59a000 	C:\Users\user\AppData\Local\JetBrains\Toolbox\apps\IDEA-U\ch-0\201.7223.91\bin\breakgen64.dll
0x00000000582c0000 - 0x00000000582da000 	C:\Program Files\Java\jdk1.8.0_131\jre\bin\net.dll
0x00007ffda4e50000 - 0x00007ffda4eb6000 	C:\WINDOWS\system32\mswsock.dll
0x00007ffd76af0000 - 0x00007ffd76bdf000 	C:\Program Files\Java\jdk1.8.0_131\jre\bin\msvcr120.dll
0x00007ffd73440000 - 0x00007ffd734e6000 	C:\Program Files\Java\jdk1.8.0_131\jre\bin\msvcp120.dll
0x0000000058230000 - 0x0000000058252000 	C:\Program Files\Java\jdk1.8.0_131\jre\bin\prism_d3d.dll
0x00007ffd9c5b0000 - 0x00007ffd9c747000 	C:\WINDOWS\system32\d3d9.dll
0x00007ffda3fe0000 - 0x00007ffda4009000 	C:\WINDOWS\SYSTEM32\dwmapi.dll
0x00007ffda3cd0000 - 0x00007ffda3d68000 	C:\WINDOWS\system32\uxtheme.dll
0x00007ffd5e600000 - 0x00007ffd60b3d000 	C:\WINDOWS\SYSTEM32\igdumdim64.dll
0x00007ffda7ff0000 - 0x00007ffda80b2000 	C:\WINDOWS\System32\OLEAUT32.dll
0x00007ffda68c0000 - 0x00007ffda6a11000 	C:\WINDOWS\System32\ole32.dll
0x00007ffda8630000 - 0x00007ffda8a7b000 	C:\WINDOWS\System32\SETUPAPI.dll
0x00000000581e0000 - 0x0000000058223000 	C:\Program Files\Java\jdk1.8.0_131\jre\bin\glass.dll
0x00007ffda8fb0000 - 0x00007ffda909d000 	C:\WINDOWS\System32\COMDLG32.dll
0x00007ffda7e70000 - 0x00007ffda7fe5000 	C:\WINDOWS\System32\MSCTF.dll
0x00007ffd887e0000 - 0x00007ffd89220000 	C:\WINDOWS\SYSTEM32\igdusc64.dll
0x00000000581c0000 - 0x00000000581d4000 	C:\Program Files\Java\jdk1.8.0_131\jre\bin\javafx_font.dll
0x00007ffd860d0000 - 0x00007ffd863ec000 	C:\WINDOWS\SYSTEM32\dwrite.dll
0x00007ffda67b0000 - 0x00007ffda6850000 	C:\WINDOWS\System32\clbcatq.dll
0x00007ffd9b4c0000 - 0x00007ffd9b66e000 	C:\WINDOWS\SYSTEM32\WindowsCodecs.dll
0x00007ffd99050000 - 0x00007ffd990a8000 	C:\WINDOWS\system32\dataexchange.dll
0x00007ffda3390000 - 0x00007ffda352c000 	C:\WINDOWS\system32\dcomp.dll
0x00007ffda2f90000 - 0x00007ffda329b000 	C:\WINDOWS\system32\d3d11.dll
0x00007ffda4380000 - 0x00007ffda443b000 	C:\WINDOWS\system32\dxgi.dll
0x00007ffda3e20000 - 0x00007ffda3fd8000 	C:\WINDOWS\system32\twinapi.appcore.dll
0x00007ffda3da0000 - 0x00007ffda3dc1000 	C:\WINDOWS\system32\RMCLIENT.dll
0x00007ffd8f670000 - 0x00007ffd8f6a4000 	C:\Program Files\Common Files\Microsoft Shared\Ink\rtscom.dll
0x00007ffd9bca0000 - 0x00007ffd9bd38000 	C:\WINDOWS\System32\TextInputFramework.dll
0x00007ffd9a380000 - 0x00007ffd9a69e000 	C:\WINDOWS\System32\CoreUIComponents.dll
0x00007ffda3b00000 - 0x00007ffda3bda000 	C:\WINDOWS\System32\CoreMessaging.dll
0x00007ffda1090000 - 0x00007ffda11dd000 	C:\WINDOWS\SYSTEM32\wintypes.dll
0x00007ffda4700000 - 0x00007ffda4731000 	C:\WINDOWS\SYSTEM32\ntmarta.dll
0x00000000581a0000 - 0x00000000581b1000 	C:\Program Files\Java\jdk1.8.0_131\jre\bin\prism_common.dll

VM Arguments:
jvm_args: -javaagent:C:\Users\user\AppData\Local\JetBrains\Toolbox\apps\IDEA-U\ch-0\201.7223.91\lib\idea_rt.jar=55644:C:\Users\user\AppData\Local\JetBrains\Toolbox\apps\IDEA-U\ch-0\201.7223.91\bin -Dfile.encoding=UTF-8 
java_command: com.velotn.ui.Main
java_class_path (initial): C:\Program Files\Java\jdk1.8.0_131\jre\lib\charsets.jar;C:\Program Files\Java\jdk1.8.0_131\jre\lib\deploy.jar;C:\Program Files\Java\jdk1.8.0_131\jre\lib\ext\access-bridge-64.jar;C:\Program Files\Java\jdk1.8.0_131\jre\lib\ext\cldrdata.jar;C:\Program Files\Java\jdk1.8.0_131\jre\lib\ext\dnsns.jar;C:\Program Files\Java\jdk1.8.0_131\jre\lib\ext\jaccess.jar;C:\Program Files\Java\jdk1.8.0_131\jre\lib\ext\jfxrt.jar;C:\Program Files\Java\jdk1.8.0_131\jre\lib\ext\localedata.jar;C:\Program Files\Java\jdk1.8.0_131\jre\lib\ext\nashorn.jar;C:\Program Files\Java\jdk1.8.0_131\jre\lib\ext\sunec.jar;C:\Program Files\Java\jdk1.8.0_131\jre\lib\ext\sunjce_provider.jar;C:\Program Files\Java\jdk1.8.0_131\jre\lib\ext\sunmscapi.jar;C:\Program Files\Java\jdk1.8.0_131\jre\lib\ext\sunpkcs11.jar;C:\Program Files\Java\jdk1.8.0_131\jre\lib\ext\zipfs.jar;C:\Program Files\Java\jdk1.8.0_131\jre\lib\javaws.jar;C:\Program Files\Java\jdk1.8.0_131\jre\lib\jce.jar;C:\Program Files\Java\jdk1.8.0_131\jre\lib\jfr.jar;C:\Program Files\Java\jdk1.8.0_131\jre\lib\jfxswt.jar;C:\Program Files\Java\jdk1.8.0_131\jre\lib\jsse.jar;C:\Program Files\Java\jdk1.8.0_131\jre\lib\management-agent.jar;C:\Program Files\Java\jdk1.8.0_131\jre\lib\plugin.jar;C:\Program Files\Java\jdk1.8.0_131\jre\lib\resources.jar;C:\Program Files\Java\jdk1.8.0_131\jre\lib\rt.jar;C:\Users\user\IdeaProjects\velotnUpdated\out\production\velotnUpdated;C:\Users\user\.m2\repository\org\jetbrains\annotations\19.0.0\annotations-19.0.0.jar;C:\Users\user\Desktop\esprit\mysql-connector-java-8.0.18\mysql-connector-java-8.0.18.jar;C:\Users\user\.m2\repository\com\jfoenix\jfoenix\8.0.8\jfoenix-8.0.8.jar;C:\Users\user\.m2\repository\org\ini4j\ini4j\0.5.1\ini4j-0.5.1.jar;C:\Users\user\.m2\repository\org\mindrot\jbcrypt\0.4\jbcrypt-0.4.jar;C:\Users\user\.m2\repository\javax\mail\mail\1.4.4\mail-1.4.4.jar;C:\Users\user\.m2\repository\javax\activation\activation\1.1\activation-1.1.jar;C:\Users\user\AppData\Local\JetBrains\Toolbox\apps
Launcher Type: SUN_STANDARD

Environment Variables:
JAVA_HOME=C:\Program Files\AdoptOpenJDK\jdk-8.0.212.03-hotspot\
PATH=C:\oraclexe\app\oracle\product\11.2.0\server\bin;C:\Python27\;C:\Python27\Scripts;C:\Program Files\AdoptOpenJDK\jdk-8.0.212.03-hotspot\bin;C:\ProgramData\Oracle\Java\javapath;C:\Windows\system32;C:\Windows;C:\Windows\System32\Wbem;C:\Windows\System32\WindowsPowerShell\v1.0\;C:\Program Files (x86)\QuickTime\QTSystem\;C:\Program Files (x86)\NVIDIA Corporation\PhysX\Common;C:\Program Files (x86)\GtkSharp\2.12\bin;C:\WINDOWS\system32;C:\WINDOWS;C:\WINDOWS\System32\Wbem;C:\WINDOWS\System32\WindowsPowerShell\v1.0\;C:\TDM-GCC-32\bin;C:\Program Files\Common Files\Autodesk Shared\;C:\WINDOWS\System32\OpenSSH\;C:\Program Files (x86)\CodeBlocks\MinGW\bin;C:\Program Files\dotnet\;C:\Strawberry\c\bin;C:\Strawberry\perl\site\bin;C:\Strawberry\perl\bin;C:\instantclient12_2;C:\Qt\Qt5.11.2\5.11.2\mingw53_32\bin;C:\Qt\Qt5.11.2\Tools\mingw530_32\bin;C:\Program Files\TortoiseSVN\bin;C:\Program Files\NVIDIA Corporation\NVIDIA NvDLISR;C:\Program Files (x86)\HI-TECH Software\PICC\LITE\9.60\bin;C:\xampp\apache\bin;C:\Program Files (x86)\Yarn\bin\;C:\Program Files\nodejs\;C:\ProgramData\chocolatey\bin;C:\Users\user\AppData\Local\Android\Sdk\platform-tools;C:\wamp64\bin\php\php7.1.29;C:\composer;C:\Program Files\Git\cmd;C:\MinGW\bin;C:\Program Files (x86)\GnuWin32\bin;C:\curl\curl-7.69.1-win64-mingw\bin;C:\oraclexe\app\oracle\admin\XE;C:\Users\user\Anaconda3;C:\Users\user\Anaconda3\Library\mingw-w64\bin;C:\Users\user\Anaconda3\Library\usr\bin;C:\Users\user\Anaconda3\Library\bin;C:\Users\user\Anaconda3\Scripts;C:\Program Files\MySQL\MySQL Shell 8.0\bin\;C:\Users\user\AppData\Local\Programs\Microsoft VS Code\bin;C:\Users\user\AppData\Local\Yarn\bin;C:\Users\user\AppData\Roaming\npm;C:\Users\user\AppData\Roaming\Composer\vendor\bin;C:\src\flutter\bin
USERNAME=user
OS=Windows_NT
PROCESSOR_IDENTIFIER=Intel64 Family 6 Model 70 Stepping 1, GenuineIntel



---------------  S Y S T E M  ---------------

OS: Windows 10.0 , 64 bit Build 17134 (10.0.17134.1)

CPU:total 8 (initial active 8) (4 cores per cpu, 2 threads per core) family 6 model 70 stepping 1, cmov, cx8, fxsr, mmx, sse, sse2, sse3, ssse3, sse4.1, sse4.2, popcnt, avx, avx2, aes, clmul, erms, lzcnt, ht, tsc, tscinvbit, bmi1, bmi2

Memory: 4k page, physical 8274992k(823564k free), swap 14566448k(2032k free)

vm_info: Java HotSpot(TM) 64-Bit Server VM (25.131-b11) for windows-amd64 JRE (1.8.0_131-b11), built on Mar 15 2017 01:23:53 by "java_re" with MS VC++ 10.0 (VS2010)

time: Tue Jun 16 17:13:59 2020
elapsed time: 21 seconds (0d 0h 0m 21s)

